Using pre-set license
Built from '2022.3/staging' branch; Version is '2022.3.2f1 (d74737c6db50) revision 14108471'; Using compiler version '192829333'; Build Type 'Release'
OS: 'Windows 11  (10.0.22621) 64bit Professional' Language: 'ru' Physical Memory: 8117 MB
BatchMode: 1, IsHumanControllingUs: 0, StartBugReporterOnCrash: 0, Is64bit: 1, IsPro: 1

COMMAND LINE ARGUMENTS:
D:\Unity2\РµРґРёС‚РѕСЂ\2022.3.2f1\Editor\Unity.exe
-adb2
-batchMode
-noUpm
-name
AssetImportWorker2
-projectPath
D:/Prog/Unity/arena_moroka/Arena Moroka
-logFile
Logs/AssetImportWorker2.log
-srvPort
62123
Successfully changed project path to: D:/Prog/Unity/arena_moroka/Arena Moroka
D:/Prog/Unity/arena_moroka/Arena Moroka
[UnityMemory] Configuration Parameters - Can be set up in boot.config
    "memorysetup-bucket-allocator-granularity=16"
    "memorysetup-bucket-allocator-bucket-count=8"
    "memorysetup-bucket-allocator-block-size=33554432"
    "memorysetup-bucket-allocator-block-count=8"
    "memorysetup-main-allocator-block-size=16777216"
    "memorysetup-thread-allocator-block-size=16777216"
    "memorysetup-gfx-main-allocator-block-size=16777216"
    "memorysetup-gfx-thread-allocator-block-size=16777216"
    "memorysetup-cache-allocator-block-size=4194304"
    "memorysetup-typetree-allocator-block-size=2097152"
    "memorysetup-profiler-bucket-allocator-granularity=16"
    "memorysetup-profiler-bucket-allocator-bucket-count=8"
    "memorysetup-profiler-bucket-allocator-block-size=33554432"
    "memorysetup-profiler-bucket-allocator-block-count=8"
    "memorysetup-profiler-allocator-block-size=16777216"
    "memorysetup-profiler-editor-allocator-block-size=1048576"
    "memorysetup-temp-allocator-size-main=16777216"
    "memorysetup-job-temp-allocator-block-size=2097152"
    "memorysetup-job-temp-allocator-block-size-background=1048576"
    "memorysetup-job-temp-allocator-reduction-small-platforms=262144"
    "memorysetup-allocator-temp-initial-block-size-main=262144"
    "memorysetup-allocator-temp-initial-block-size-worker=262144"
    "memorysetup-temp-allocator-size-background-worker=32768"
    "memorysetup-temp-allocator-size-job-worker=262144"
    "memorysetup-temp-allocator-size-preload-manager=33554432"
    "memorysetup-temp-allocator-size-nav-mesh-worker=65536"
    "memorysetup-temp-allocator-size-audio-worker=65536"
    "memorysetup-temp-allocator-size-cloud-worker=32768"
    "memorysetup-temp-allocator-size-gi-baking-worker=262144"
    "memorysetup-temp-allocator-size-gfx=262144"
Player connection [21664] Host "[IP] 192.168.0.107 [Port] 0 [Flags] 2 [Guid] 420261779 [EditorId] 420261779 [Version] 1048832 [Id] WindowsEditor(7,фикус) [Debug] 1 [PackageName] WindowsEditor [ProjectName] Editor" joined multi-casting on [225.0.0.222:54997]...

Player connection [21664] Host "[IP] 192.168.0.107 [Port] 0 [Flags] 2 [Guid] 420261779 [EditorId] 420261779 [Version] 1048832 [Id] WindowsEditor(7,фикус) [Debug] 1 [PackageName] WindowsEditor [ProjectName] Editor" joined alternative multi-casting on [225.0.0.222:34997]...

Refreshing native plugins compatible for Editor in 363.87 ms, found 3 plugins.
Preloading 0 native plugins for Editor in 0.00 ms.
Initialize engine version: 2022.3.2f1 (d74737c6db50)
[Subsystems] Discovering subsystems at path D:/Unity2/РµРґРёС‚РѕСЂ/2022.3.2f1/Editor/Data/Resources/UnitySubsystems
[Subsystems] Discovering subsystems at path D:/Prog/Unity/arena_moroka/Arena Moroka/Assets
GfxDevice: creating device client; threaded=0; jobified=0
Direct3D:
    Version:  Direct3D 11.0 [level 11.0]
    Renderer: NVIDIA GeForce GT 630 (ID=0xf00)
    Vendor:   NVIDIA
    VRAM:     2000 MB
    Driver:   23.21.13.8813
Initialize mono
Mono path[0] = 'D:/Unity2/РµРґРёС‚РѕСЂ/2022.3.2f1/Editor/Data/Managed'
Mono path[1] = 'D:/Unity2/РµРґРёС‚РѕСЂ/2022.3.2f1/Editor/Data/MonoBleedingEdge/lib/mono/unityjit-win32'
Mono config path = 'D:/Unity2/РµРґРёС‚РѕСЂ/2022.3.2f1/Editor/Data/MonoBleedingEdge/etc'
Using monoOptions --debugger-agent=transport=dt_socket,embedding=1,server=y,suspend=n,address=127.0.0.1:56600
Begin MonoManager ReloadAssembly
Registering precompiled unity dll's ...
Register platform support module: D:/Unity2/РµРґРёС‚РѕСЂ/2022.3.2f1/Editor/Data/PlaybackEngines/WindowsStandaloneSupport/UnityEditor.WindowsStandalone.Extensions.dll
Registered in 0.022853 seconds.
- Loaded All Assemblies, in  1.188 seconds
Native extension for WindowsStandalone target not found
Mono: successfully reloaded assembly
- Finished resetting the current domain, in  0.253 seconds
Domain Reload Profiling: 1441ms
	BeginReloadAssembly (893ms)
		ExecutionOrderSort (0ms)
		DisableScriptedObjects (0ms)
		BackupInstance (0ms)
		ReleaseScriptingObjects (0ms)
		CreateAndSetChildDomain (1ms)
	RebuildCommonClasses (75ms)
	RebuildNativeTypeToScriptingClass (11ms)
	initialDomainReloadingComplete (77ms)
	LoadAllAssembliesAndSetupDomain (131ms)
		LoadAssemblies (892ms)
		RebuildTransferFunctionScriptingTraits (0ms)
		AnalyzeDomain (129ms)
			TypeCache.Refresh (128ms)
				TypeCache.ScanAssembly (105ms)
			ScanForSourceGeneratedMonoScriptInfo (0ms)
			ResolveRequiredComponents (0ms)
	FinalizeReload (253ms)
		ReleaseScriptCaches (0ms)
		RebuildScriptCaches (0ms)
		SetupLoadedEditorAssemblies (203ms)
			LogAssemblyErrors (0ms)
			InitializePlatformSupportModulesInManaged (6ms)
			SetLoadedEditorAssemblies (7ms)
			RefreshPlugins (0ms)
			BeforeProcessingInitializeOnLoad (2ms)
			ProcessInitializeOnLoadAttributes (117ms)
			ProcessInitializeOnLoadMethodAttributes (71ms)
			AfterProcessingInitializeOnLoad (0ms)
			EditorAssembliesLoaded (0ms)
		ExecutionOrderSort2 (0ms)
		AwakeInstancesAfterBackupRestoration (0ms)
========================================================================
Worker process is ready to serve import requests
Begin MonoManager ReloadAssembly
Symbol file LoadedFromMemory doesn't match image D:\Prog\Unity\arena_moroka\Arena Moroka\Library\PackageCache\com.unity.visualscripting@1.8.0\Editor\VisualScripting.Core\Dependencies\YamlDotNet\Unity.VisualScripting.YamlDotNet.dll
Symbol file LoadedFromMemory doesn't match image D:\Prog\Unity\arena_moroka\Arena Moroka\Library\PackageCache\com.unity.visualscripting@1.8.0\Editor\VisualScripting.Core\Dependencies\DotNetZip\Unity.VisualScripting.IonicZip.dll
- Loaded All Assemblies, in  2.055 seconds
Refreshing native plugins compatible for Editor in 2.47 ms, found 3 plugins.
Native extension for WindowsStandalone target not found
Mono: successfully reloaded assembly
- Finished resetting the current domain, in  0.449 seconds
Domain Reload Profiling: 2504ms
	BeginReloadAssembly (124ms)
		ExecutionOrderSort (0ms)
		DisableScriptedObjects (5ms)
		BackupInstance (0ms)
		ReleaseScriptingObjects (0ms)
		CreateAndSetChildDomain (18ms)
	RebuildCommonClasses (33ms)
	RebuildNativeTypeToScriptingClass (12ms)
	initialDomainReloadingComplete (38ms)
	LoadAllAssembliesAndSetupDomain (1849ms)
		LoadAssemblies (1661ms)
		RebuildTransferFunctionScriptingTraits (0ms)
		AnalyzeDomain (258ms)
			TypeCache.Refresh (240ms)
				TypeCache.ScanAssembly (229ms)
			ScanForSourceGeneratedMonoScriptInfo (14ms)
			ResolveRequiredComponents (4ms)
	FinalizeReload (449ms)
		ReleaseScriptCaches (0ms)
		RebuildScriptCaches (0ms)
		SetupLoadedEditorAssemblies (319ms)
			LogAssemblyErrors (0ms)
			InitializePlatformSupportModulesInManaged (4ms)
			SetLoadedEditorAssemblies (3ms)
			RefreshPlugins (0ms)
			BeforeProcessingInitializeOnLoad (45ms)
			ProcessInitializeOnLoadAttributes (249ms)
			ProcessInitializeOnLoadMethodAttributes (17ms)
			AfterProcessingInitializeOnLoad (2ms)
			EditorAssembliesLoaded (0ms)
		ExecutionOrderSort2 (0ms)
		AwakeInstancesAfterBackupRestoration (5ms)
Launched and connected shader compiler UnityShaderCompiler.exe after 0.15 seconds
Refreshing native plugins compatible for Editor in 2.28 ms, found 3 plugins.
Preloading 0 native plugins for Editor in 0.00 ms.
Unloading 3166 Unused Serialized files (Serialized files now loaded: 0)
Unloading 31 unused Assets / (56.3 KB). Loaded Objects now: 3640.
Memory consumption went from 122.9 MB to 122.8 MB.
Total: 2.878300 ms (FindLiveObjects: 0.236800 ms CreateObjectMapping: 0.094700 ms MarkObjects: 2.443700 ms  DeleteObjects: 0.102300 ms)

AssetImportParameters requested are different than current active one (requested -> active):
  custom:scripting/monoscript/fileName/DamageOfHarcha.cs: 1b15d6126d301f2e2dda4ae264c20b97 -> 
  custom:container-demuxer-ogg: 62fdf1f143b41e24485cea50d1cbac27 -> 
  custom:video-codec-MediaFoundation-h265: 746d11721c4dcdbdad8f713fa42b33f4 -> 
  custom:video-decoder-ogg-theora: a1e56fd34408186e4bbccfd4996cb3dc -> 
  custom:framework-win-MediaFoundation: 216162199b28c13a410421893ffa2e32 -> 
  custom:container-demuxer-webm: 4f35f7cbe854078d1ac9338744f61a02 -> 
  custom:container-muxer-webm: aa71ff27fc2769a1b78a27578f13a17b -> 
  custom:video-decoder-webm-vp8: 9c59270c3fd7afecdb556c50c9e8de78 -> 
  custom:AudioImporter_EditorPlatform: d09bf68614088b80899f8185d706f6e7 -> 
  custom:video-encoder-webm-vp8: eb34c28f22e8b96e1ab97ce403110664 -> 
  custom:audio-decoder-ogg-vorbis: bf7c407c2cedff20999df2af8eb42d56 -> 
  custom:audio-encoder-webm-vorbis: bf7c407c2cedff20999df2af8eb42d56 -> 
========================================================================
Received Import Request.
  Time since last request: 27034.256685 seconds.
  path: Assets/Materials Р°nd PNG/Flame Dragon Scales_BaseColor.jpg
  artifactKey: Guid(1f9fa42d367b3bd43bdcfadbfa70f56d) Importer(815301076,1909f56bfc062723c751e8b465ee728b)
Start importing Assets/Materials Р°nd PNG/Flame Dragon Scales_BaseColor.jpg using Guid(1f9fa42d367b3bd43bdcfadbfa70f56d) Importer(815301076,1909f56bfc062723c751e8b465ee728b)  -> (artifact id: 'efc1ccdf10735273fa2381f209d87751') in 0.108922 seconds
Number of updated asset objects reloaded before import = 0
Number of asset objects unloaded after import = 3
========================================================================
Received Import Request.
  Time since last request: 109.041417 seconds.
  path: Assets/Models/rifle.fbx
  artifactKey: Guid(c57dde6e816ef0947802f06f70c50237) Importer(815301076,1909f56bfc062723c751e8b465ee728b)
Start importing Assets/Models/rifle.fbx using Guid(c57dde6e816ef0947802f06f70c50237) Importer(815301076,1909f56bfc062723c751e8b465ee728b)  -> (artifact id: '9e171d03163d87a0f0e08a557ad6cb66') in 0.118140 seconds
Number of updated asset objects reloaded before import = 0
Number of asset objects unloaded after import = 10
========================================================================
Received Import Request.
  Time since last request: 5.945609 seconds.
  path: Assets/Models/Materials
  artifactKey: Guid(a3748610db421b44ba157fa78ec537c8) Importer(815301076,1909f56bfc062723c751e8b465ee728b)
Start importing Assets/Models/Materials using Guid(a3748610db421b44ba157fa78ec537c8) Importer(815301076,1909f56bfc062723c751e8b465ee728b)  -> (artifact id: 'ea2089712b15bc28c06d15c0ea8f6910') in 0.000512 seconds
Number of updated asset objects reloaded before import = 0
Number of asset objects unloaded after import = 0
========================================================================
Received Import Request.
  Time since last request: 1.197698 seconds.
  path: Assets/Models/Materials/lambert2.mat
  artifactKey: Guid(0ccbb9479b4339a4da96fab7b21370a2) Importer(815301076,1909f56bfc062723c751e8b465ee728b)
Start importing Assets/Models/Materials/lambert2.mat using Guid(0ccbb9479b4339a4da96fab7b21370a2) Importer(815301076,1909f56bfc062723c751e8b465ee728b)  -> (artifact id: '45b7c89951bc8ea4e25091a9a72b953f') in 0.246039 seconds
Number of updated asset objects reloaded before import = 0
Number of asset objects unloaded after import = 1
========================================================================
Received Import Request.
  Time since last request: 70.823780 seconds.
  path: Assets/UI PNG
  artifactKey: Guid(04286a13f00999145af14515416db6c2) Importer(815301076,1909f56bfc062723c751e8b465ee728b)
Start importing Assets/UI PNG using Guid(04286a13f00999145af14515416db6c2) Importer(815301076,1909f56bfc062723c751e8b465ee728b)  -> (artifact id: 'c67a8d3e220ee999c002add652a21805') in 0.000400 seconds
Number of updated asset objects reloaded before import = 0
Number of asset objects unloaded after import = 0
========================================================================
Received Import Request.
  Time since last request: 0.044428 seconds.
  path: Assets/UI PNG/ability one.png
  artifactKey: Guid(b205b36d61ecf414f9a3b6cce7a3de3a) Importer(815301076,1909f56bfc062723c751e8b465ee728b)
Start importing Assets/UI PNG/ability one.png using Guid(b205b36d61ecf414f9a3b6cce7a3de3a) Importer(815301076,1909f56bfc062723c751e8b465ee728b)  -> (artifact id: 'a1080191ca3fbdb078c1e9de257fb024') in 0.021236 seconds
Number of updated asset objects reloaded before import = 0
Number of asset objects unloaded after import = 3
========================================================================
Received Import Request.
  Time since last request: 0.000018 seconds.
  path: Assets/UI PNG/hp bar.png
  artifactKey: Guid(e732efab61a7601499a41c26faf12fae) Importer(815301076,1909f56bfc062723c751e8b465ee728b)
Start importing Assets/UI PNG/hp bar.png using Guid(e732efab61a7601499a41c26faf12fae) Importer(815301076,1909f56bfc062723c751e8b465ee728b)  -> (artifact id: 'fb53e3ffaf0c73e906e866e1eda09e71') in 0.042175 seconds
Number of updated asset objects reloaded before import = 0
Number of asset objects unloaded after import = 3
========================================================================
Received Import Request.
  Time since last request: 0.144295 seconds.
  path: Assets/UI PNG/С…Рї.png
  artifactKey: Guid(427cdfd6c22956346aefd6fb6e659142) Importer(815301076,1909f56bfc062723c751e8b465ee728b)
Start importing Assets/UI PNG/С…Рї.png using Guid(427cdfd6c22956346aefd6fb6e659142) Importer(815301076,1909f56bfc062723c751e8b465ee728b)  -> (artifact id: '721e0bd5f2473c74fb2fa9cd23c5cde1') in 0.624254 seconds
Number of updated asset objects reloaded before import = 0
Number of asset objects unloaded after import = 3
========================================================================
Received Import Request.
  Time since last request: 0.000022 seconds.
  path: Assets/UI PNG/С…Рї РѕР±РІРѕРґРєР°.png
  artifactKey: Guid(e07faebf007da704895c18217d715491) Importer(815301076,1909f56bfc062723c751e8b465ee728b)
Start importing Assets/UI PNG/С…Рї РѕР±РІРѕРґРєР°.png using Guid(e07faebf007da704895c18217d715491) Importer(815301076,1909f56bfc062723c751e8b465ee728b)  -> (artifact id: '8f4af96f755a9713d8f8a4c216ce729d') in 0.038572 seconds
Number of updated asset objects reloaded before import = 0
Number of asset objects unloaded after import = 3
========================================================================
Received Import Request.
  Time since last request: 0.000026 seconds.
  path: Assets/UI PNG/РјРѕР»РѕС‚.png
  artifactKey: Guid(6cc6e2713a5a43d4f9cf16cb2e1d8f0e) Importer(815301076,1909f56bfc062723c751e8b465ee728b)
Start importing Assets/UI PNG/РјРѕР»РѕС‚.png using Guid(6cc6e2713a5a43d4f9cf16cb2e1d8f0e) Importer(815301076,1909f56bfc062723c751e8b465ee728b)  -> (artifact id: '8df80a3ba55b1541111f140d9ca281eb') in 0.057862 seconds
Number of updated asset objects reloaded before import = 0
Number of asset objects unloaded after import = 3
========================================================================
Received Import Request.
  Time since last request: 0.000018 seconds.
  path: Assets/UI PNG/choose pistol.png
  artifactKey: Guid(de5a5ce81124ea44abc507689dcbcc09) Importer(815301076,1909f56bfc062723c751e8b465ee728b)
Start importing Assets/UI PNG/choose pistol.png using Guid(de5a5ce81124ea44abc507689dcbcc09) Importer(815301076,1909f56bfc062723c751e8b465ee728b)  -> (artifact id: '9bdbc7b6c474de786732456aafd269e3') in 0.090129 seconds
Number of updated asset objects reloaded before import = 0
Number of asset objects unloaded after import = 3
========================================================================
Received Import Request.
  Time since last request: 0.000016 seconds.
  path: Assets/UI PNG/СѓСЂРѕРµРЅСЊ Р°Рї Р»РµРІРѕ.png
  artifactKey: Guid(b640e8bf374f5bd41a4354a868b157b5) Importer(815301076,1909f56bfc062723c751e8b465ee728b)
Start importing Assets/UI PNG/СѓСЂРѕРµРЅСЊ Р°Рї Р»РµРІРѕ.png using Guid(b640e8bf374f5bd41a4354a868b157b5) Importer(815301076,1909f56bfc062723c751e8b465ee728b)  -> (artifact id: '14431be01e44255fb0a1fcdcaa49261e') in 0.158545 seconds
Number of updated asset objects reloaded before import = 0
Number of asset objects unloaded after import = 3
========================================================================
Received Import Request.
  Time since last request: 0.000018 seconds.
  path: Assets/UI PNG/lol.png
  artifactKey: Guid(5f939084a50aa5d418106e811bfab6db) Importer(815301076,1909f56bfc062723c751e8b465ee728b)
Start importing Assets/UI PNG/lol.png using Guid(5f939084a50aa5d418106e811bfab6db) Importer(815301076,1909f56bfc062723c751e8b465ee728b)  -> (artifact id: '00d691e7f9b97db779ca38c7bd2a3e2b') in 0.045265 seconds
Number of updated asset objects reloaded before import = 0
Number of asset objects unloaded after import = 3
========================================================================
Received Import Request.
  Time since last request: 0.000027 seconds.
  path: Assets/UI PNG/РїРёСЃС‚РѕР»СЊ 1.png
  artifactKey: Guid(41ac8512913d17545aac9db2990b3312) Importer(815301076,1909f56bfc062723c751e8b465ee728b)
Start importing Assets/UI PNG/РїРёСЃС‚РѕР»СЊ 1.png using Guid(41ac8512913d17545aac9db2990b3312) Importer(815301076,1909f56bfc062723c751e8b465ee728b)  -> (artifact id: '9c7dbaaaccac6fad9ab5ca07c0767774') in 0.024904 seconds
Number of updated asset objects reloaded before import = 0
Number of asset objects unloaded after import = 3
Editor requested this worker to shutdown with reason: Scaling down because of idle timeout
TcpMessagingSession - receive error: operation aborted. errorcode: 995, details: Операция ввода/вывода была прервана из-за завершения потока команд или по запросу приложения.
AssetImportWorker is now disconnected from the server
Process exiting
Exiting without the bug reporter. Application will terminate with return code 0